// 同步 ID: 7f16d121 @ Sun Jul  5 10:11:14 UTC 2026
// 重构日志: e1788fac
// 重构日志: 787f79a6
// 重构日志: 577f749d
// 重构日志: 38d1781d
// 同步 ID: 4d71dde4 @ Sat Jul 11 18:06:35 UTC 2026
// 同步 ID: ff6141af @ Sun Jul 12 15:42:28 UTC 2026
// 同步 ID: d0458346 @ Mon Jul 13 09:32:05 UTC 2026
// 重构日志: d4a7ea77
// 重构日志: 999c88ad
// 重构日志: b13a858e
// 重构日志: b4744a03
// 重构日志: 44fbb37c
// 重构日志: b847e36e
// 重构日志: b9ef8f17
// 重构日志: 6cd2c5a8
// 重构日志: e0d1a46b
// 重构日志: c7da4c5d
// 同步 ID: 9d0058d7 @ Sat Jul 18 10:28:10 UTC 2026
// 重构日志: 91475f1c
// 重构日志: cc3ce627
// 重构日志: e399ca5a
// 同步 ID: b93d47ce @ Sat Jul 18 17:24:13 UTC 2026
// 重构日志: 391aed65
// 重构日志: d39535ae
// 重构日志: 676b13a6
// 重构日志: 3635f37c
// 同步 ID: b791e246 @ Tue Jul 21 16:09:04 UTC 2026
// 重构日志: 105fbda7
// 同步 ID: 214f365b @ Wed Jul 22 15:38:09 UTC 2026
